<?xml version="1.0" encoding="UTF-8"?>
<!-- Generated by org.testng.reporters.JUnitReportReporter -->
<testsuite hostname="LAPTOP-RKN9IJ2E" failures="0" tests="3" name="com.ccents.testSuite.UtilitiesTestCases" time="68.018" errors="0" timestamp="2020-11-27T19:11:49 IST" skipped="0">
  <testcase classname="com.ccents.testSuite.UtilitiesTestCases" name="Tc008_verifyThatUtilitiesPageIsDisplayed" time="12.946"/>
  <system-out/>
  <testcase classname="com.ccents.testSuite.UtilitiesTestCases" name="Tc011_verifyThatSheetUploaderPageSectionsAreDisplayed" time="17.093"/>
  <system-out/>
  <testcase classname="com.ccents.testSuite.UtilitiesTestCases" name="Tc009_verifyThatActivityLogsPageIsDisplayed" time="37.979"/>
  <system-out/>
</testsuite> <!-- com.ccents.testSuite.UtilitiesTestCases -->
