<?xml version="1.0" encoding="UTF-8"?>
<!-- Generated by org.testng.reporters.JUnitReportReporter -->
<testsuite hostname="LAPTOP-RKN9IJ2E" failures="0" tests="1" name="com.ccents.testSuite.WarehouseTestCases" time="17.168" errors="0" timestamp="2020-11-27T15:19:37 IST" skipped="0">
  <testcase classname="com.ccents.testSuite.WarehouseTestCases" name="Tc007_verifyThatWarehousePageIsDisplayed" time="17.168"/>
  <system-out/>
</testsuite> <!-- com.ccents.testSuite.WarehouseTestCases -->
