<?xml version="1.0" encoding="UTF-8"?>
<!-- Generated by org.testng.reporters.JUnitReportReporter -->
<testsuite hostname="LAPTOP-RKN9IJ2E" failures="0" tests="3" name="com.ccents.testSuite.LoginTestCases" time="15.638" errors="0" timestamp="2020-11-26T20:05:27 IST" skipped="0">
  <testcase classname="com.ccents.testSuite.LoginTestCases" name="Tc003_loginToApplicationWithBlankCredentials" time="1.263"/>
  <system-out/>
  <testcase classname="com.ccents.testSuite.LoginTestCases" name="Tc002_loginToApplicationWithIncorrectCredentials" time="3.769"/>
  <system-out/>
  <testcase classname="com.ccents.testSuite.LoginTestCases" name="Tc001_loginToApplicationWithValidCredentials" time="10.606"/>
  <system-out/>
</testsuite> <!-- com.ccents.testSuite.LoginTestCases -->
